#
# A fatal error has been detected by the Java Runtime Environment:
#
#  SIGSEGV (0xb) at pc=0x0000000109ec3e0b, pid=20420, tid=21267
#
# JRE version: Java(TM) SE Runtime Environment (7.0_79-b15) (build 1.7.0_79-b15)
# Java VM: Java HotSpot(TM) 64-Bit Server VM (24.79-b02 mixed mode bsd-amd64 compressed oops)
# Problematic frame:
# V  [libjvm.dylib+0x4c3e0b]  SymbolTable::lookup(int, char const*, int, unsigned int)+0x69
#
# Failed to write core dump. Core dumps have been disabled. To enable core dumping, try "ulimit -c unlimited" before starting Java again
#
# If you would like to submit a bug report, please visit:
#   http://bugreport.java.com/bugreport/crash.jsp
#

---------------  T H R E A D  ---------------

Current thread (0x00007fde25b92000):  JavaThread "Thread-8" daemon [_thread_in_vm, id=21267, stack(0x00000001144ad000,0x00000001145ad000)]

siginfo:si_signo=SIGSEGV: si_errno=0, si_code=0 (SEGV0), si_addr=0x0000000000000000

Registers:
RAX=0x00000001091a7000, RBX=0x7404003024c9a900, RCX=0x0000000000000019, RDX=0x00007fde24fd5086
RSP=0x00000001145a8680, RBP=0x00000001145a86c0, RSI=0x00000000000016c8, RDI=0x00007fde23c1f130
R8 =0x000000001ef0b3e4, R9 =0x00000001145a9040, R10=0x0000000007debb39, R11=0x0000000007df4e6b
R12=0x00007fde24fd5086, R13=0x0000000000000019, R14=0x0000000000000001, R15=0x0000000000000019
RIP=0x0000000109ec3e0b, EFLAGS=0x0000000000010206, ERR=0x0000000000000000
  TRAPNO=0x000000000000000d

Top of Stack: (sp=0x00000001145a8680)
0x00000001145a8680:   00000001145a8720 00007fde23c1f130
0x00000001145a8690:   1ef0b3e4145a86c0 000000000000005c
0x00000001145a86a0:   0000000000000019 0000000000000019
0x00000001145a86b0:   00007fde25b92000 00007fde24fd5086
0x00000001145a86c0:   00000001145a8800 0000000109b8cee4
0x00000001145a86d0:   00000001145a86f0 0000000109e5c102
0x00000001145a86e0:   00007fde24fd5dd0 00007fde265d1608
0x00000001145a86f0:   00000003000000e6 00000001145a8d90
0x00000001145a8700:   00007fde265d1638 1ef0b3e4000000e6
0x00000001145a8710:   7dffb56882cea42b 00000007b3c3d0c5
0x00000001145a8720:   00000007c0000c90 00000000000000e6
0x00000001145a8730:   0000001f0000001a 00007fde00000042
0x00000001145a8740:   00000001145a8780 0000000109e186eb
0x00000001145a8750:   0000002e0000005e 0000000000000018
0x00000001145a8760:   00007fde23c1bcd0 00007fde25b92000
0x00000001145a8770:   00007fde24fd4c3e 00007fde24fd4cdc
0x00000001145a8780:   00007fde24fd4f01 0000000109f060ab
0x00000001145a8790:   00000007c591efd8 00000007c591f748
0x00000001145a87a0:   00007fde265d1620 00007fde25b92001
0x00000001145a87b0:   00007fde24fd4a10 00007fde24fd5dc7
0x00000001145a87c0:   00007fde24fd509f 00000001145a9040
0x00000001145a87d0:   00007fde24fd4a00 00007fde265d1608
0x00000001145a87e0:   00007fde265d1638 00007fde265d1608
0x00000001145a87f0:   00000001145a8d90 00007fde25b92000
0x00000001145a8800:   00000001145a8970 0000000109b94c34
0x00000001145a8810:   00007fde25ff8000 00007fde24fd5dd0
0x00000001145a8820:   000000e600000004 00007fde265d1638
0x00000001145a8830:   00007fde265d1638 0000000000000801
0x00000001145a8840:   00007fde25800000 00007fde25b90004
0x00000001145a8850:   0000000108f4b000 0000000000000700
0x00000001145a8860:   00007fde25b92000 00007fde265d1608
0x00000001145a8870:   00007fde25b94600 00000001145a8890 

Instructions: (pc=0x0000000109ec3e0b)
0x0000000109ec3deb:   fe 00 74 01 f0 41 83 45 00 01 4c 89 e8 48 83 c4
0x0000000109ec3dfb:   18 5b 41 5c 41 5d 41 5e 41 5f 5d c3 44 8b 45 d4
0x0000000109ec3e0b:   44 39 03 75 16 4c 8b 6b 10 4c 89 ef 4c 89 e6 44
0x0000000109ec3e1b:   89 fa e8 e6 ec ff ff 84 c0 75 ab 41 ff c6 48 8b 

Register to memory mapping:

RAX=0x00000001091a7000 is an unknown value
RBX=0x7404003024c9a900 is an unknown value
RCX=0x0000000000000019 is an unknown value
RDX=0x00007fde24fd5086 is an unknown value
RSP=0x00000001145a8680 is pointing into the stack for thread: 0x00007fde25b92000
RBP=0x00000001145a86c0 is pointing into the stack for thread: 0x00007fde25b92000
RSI=0x00000000000016c8 is an unknown value
RDI=0x00007fde23c1f130 is an unknown value
R8 =0x000000001ef0b3e4 is an unknown value
R9 =0x00000001145a9040 is pointing into the stack for thread: 0x00007fde25b92000
R10=0x0000000007debb39 is an unknown value
R11=0x0000000007df4e6b is an unknown value
R12=0x00007fde24fd5086 is an unknown value
R13=0x0000000000000019 is an unknown value
R14=0x0000000000000001 is an unknown value
R15=0x0000000000000019 is an unknown value


Stack: [0x00000001144ad000,0x00000001145ad000],  sp=0x00000001145a8680,  free space=1005k
Native frames: (J=compiled Java code, j=interpreted, Vv=VM code, C=native code)
V  [libjvm.dylib+0x4c3e0b]  SymbolTable::lookup(int, char const*, int, unsigned int)+0x69
V  [libjvm.dylib+0x18cee4]  ClassFileParser::parse_constant_pool_entries(Handle, constantPoolHandle, int, Thread*)+0x908
V  [libjvm.dylib+0x194c34]  ClassFileParser::parse_constant_pool(Handle, Thread*)+0x124
V  [libjvm.dylib+0x195ba3]  ClassFileParser::parseClassFile(Symbol*, Handle, Handle, KlassHandle, GrowableArray<Handle>*, TempNewSymbol&, bool, Thread*)+0x48b
V  [libjvm.dylib+0x4c9fb7]  SystemDictionary::resolve_from_stream(Symbol*, Handle, Handle, ClassFileStream*, bool, Thread*)+0xe5
V  [libjvm.dylib+0x330d1c]  jvm_define_class_common(JNIEnv_*, char const*, _jobject*, signed char const*, int, _jobject*, char const*, unsigned char, Thread*)+0x23c
V  [libjvm.dylib+0x330eac]  JVM_DefineClassWithSource+0x77
C  [libjava.dylib+0x1ab8]  Java_java_lang_ClassLoader_defineClass1+0x199
j  java.lang.ClassLoader.defineClass1(Ljava/lang/String;[BIILjava/security/ProtectionDomain;Ljava/lang/String;)Ljava/lang/Class;+0
j  java.lang.ClassLoader.defineClass(Ljava/lang/String;[BIILjava/security/ProtectionDomain;)Ljava/lang/Class;+30
j  java.security.SecureClassLoader.defineClass(Ljava/lang/String;[BIILjava/security/CodeSource;)Ljava/lang/Class;+12
j  java.net.URLClassLoader.defineClass(Ljava/lang/String;Lsun/misc/Resource;)Ljava/lang/Class;+220
J 655 C2 java.net.URLClassLoader$1.run()Ljava/lang/Object; (5 bytes) @ 0x000000010a730260 [0x000000010a72ffe0+0x280]
v  ~StubRoutines::call_stub
V  [libjvm.dylib+0x2dbef8]  JavaCalls::call_helper(JavaValue*, methodHandle*, JavaCallArguments*, Thread*)+0x22a
V  [libjvm.dylib+0x2dbcc8]  JavaCalls::call(JavaValue*, methodHandle, JavaCallArguments*, Thread*)+0x28
V  [libjvm.dylib+0x32f4b8]  JVM_DoPrivileged+0x411
J 654  java.security.AccessController.doPrivileged(Ljava/security/PrivilegedExceptionAction;Ljava/security/AccessControlContext;)Ljava/lang/Object; (0 bytes) @ 0x000000010a6f3815 [0x000000010a6f3740+0xd5]

Java frames: (J=compiled Java code, j=interpreted, Vv=VM code)
j  java.lang.ClassLoader.defineClass1(Ljava/lang/String;[BIILjava/security/ProtectionDomain;Ljava/lang/String;)Ljava/lang/Class;+0
j  java.lang.ClassLoader.defineClass(Ljava/lang/String;[BIILjava/security/ProtectionDomain;)Ljava/lang/Class;+30
j  java.security.SecureClassLoader.defineClass(Ljava/lang/String;[BIILjava/security/CodeSource;)Ljava/lang/Class;+12
j  java.net.URLClassLoader.defineClass(Ljava/lang/String;Lsun/misc/Resource;)Ljava/lang/Class;+220
J 655 C2 java.net.URLClassLoader$1.run()Ljava/lang/Object; (5 bytes) @ 0x000000010a730260 [0x000000010a72ffe0+0x280]
v  ~StubRoutines::call_stub
J 654  java.security.AccessController.doPrivileged(Ljava/security/PrivilegedExceptionAction;Ljava/security/AccessControlContext;)Ljava/lang/Object; (0 bytes) @ 0x000000010a6f37a3 [0x000000010a6f3740+0x63]
J 652 C2 java.net.URLClassLoader.findClass(Ljava/lang/String;)Ljava/lang/Class; (29 bytes) @ 0x000000010a6755d4 [0x000000010a675540+0x94]
J 467 C2 java.lang.ClassLoader.loadClass(Ljava/lang/String;Z)Ljava/lang/Class; (122 bytes) @ 0x000000010a76b328 [0x000000010a76aec0+0x468]
J 1262 C2 groovy.lang.GroovyClassLoader.loadClass(Ljava/lang/String;ZZZ)Ljava/lang/Class; (360 bytes) @ 0x000000010aa11b8c [0x000000010aa11b20+0x6c]
J 1264 C2 groovy.lang.GroovyClassLoader.loadClass(Ljava/lang/String;Z)Ljava/lang/Class; (9 bytes) @ 0x000000010a95b9b0 [0x000000010a95b960+0x50]
j  groovy.lang.GroovyClassLoader.loadClass(Ljava/lang/String;)Ljava/lang/Class;+3
v  ~StubRoutines::call_stub
j  org.codehaus.groovy.grails.domain.GrailsDomainClassCleaner.clearStaticApiInstances(Ljava/lang/Class;)Ljava/lang/Object;+43
v  ~StubRoutines::call_stub
J 2366  sun.reflect.NativeMethodAccessorImpl.invoke0(Ljava/lang/reflect/Method;Ljava/lang/Object;[Ljava/lang/Object;)Ljava/lang/Object; (0 bytes) @ 0x000000010ad39977 [0x000000010ad39900+0x77]
J 2367 C2 sun.reflect.NativeMethodAccessorImpl.invoke(Ljava/lang/Object;[Ljava/lang/Object;)Ljava/lang/Object; (91 bytes) @ 0x000000010ad2231c [0x000000010ad222a0+0x7c]
J 353 C2 java.lang.reflect.Method.invoke(Ljava/lang/Object;[Ljava/lang/Object;)Ljava/lang/Object; (63 bytes) @ 0x000000010a6d9c6c [0x000000010a6d9bc0+0xac]
J 1335 C2 org.springsource.loaded.ri.ReflectiveInterceptor.jlrMethodInvoke(Ljava/lang/reflect/Method;Ljava/lang/Object;[Ljava/lang/Object;)Ljava/lang/Object; (2208 bytes) @ 0x000000010a8d68a0 [0x000000010a8d50c0+0x17e0]
J 1660 C2 org.codehaus.groovy.runtime.callsite.PogoMetaMethodSite$PogoCachedMethodSiteNoUnwrapNoCoerce.invoke(Ljava/lang/Object;[Ljava/lang/Object;)Ljava/lang/Object; (37 bytes) @ 0x000000010a76023c [0x000000010a760200+0x3c]
j  org.codehaus.groovy.runtime.callsite.PogoMetaMethodSite.callCurrent(Lgroovy/lang/GroovyObject;[Ljava/lang/Object;)Ljava/lang/Object;+12
j  org.codehaus.groovy.runtime.callsite.CallSiteArray.defaultCallCurrent(Lorg/codehaus/groovy/runtime/callsite/CallSite;Lgroovy/lang/GroovyObject;[Ljava/lang/Object;)Ljava/lang/Object;+17
j  org.codehaus.groovy.runtime.callsite.AbstractCallSite.callCurrent(Lgroovy/lang/GroovyObject;[Ljava/lang/Object;)Ljava/lang/Object;+3
j  org.codehaus.groovy.runtime.callsite.AbstractCallSite.callCurrent(Lgroovy/lang/GroovyObject;Ljava/lang/Object;)Ljava/lang/Object;+6
j  org.codehaus.groovy.grails.domain.GrailsDomainClassCleaner.clearAllStaticApiInstances()Ljava/lang/Object;+68
j  org.codehaus.groovy.grails.domain.GrailsDomainClassCleaner.onApplicationEvent(Lorg/springframework/context/event/ContextClosedEvent;)V+119
j  org.codehaus.groovy.grails.domain.GrailsDomainClassCleaner.onApplicationEvent(Lorg/springframework/context/ApplicationEvent;)V+5
j  org.springframework.context.event.SimpleApplicationEventMulticaster.multicastEvent(Lorg/springframework/context/ApplicationEvent;)V+63
j  org.springframework.context.support.AbstractApplicationContext.publishEvent(Lorg/springframework/context/ApplicationEvent;)V+63
j  org.springframework.context.support.AbstractApplicationContext.doClose()V+99
j  org.springframework.context.support.AbstractApplicationContext.close()V+8
j  org.springframework.context.ConfigurableApplicationContext$close.call(Ljava/lang/Object;[Ljava/lang/Object;)Ljava/lang/Object;+13
j  org.codehaus.groovy.runtime.callsite.CallSiteArray.defaultCall(Lorg/codehaus/groovy/runtime/callsite/CallSite;Ljava/lang/Object;[Ljava/lang/Object;)Ljava/lang/Object;+8
j  org.codehaus.groovy.runtime.callsite.AbstractCallSite.call(Ljava/lang/Object;[Ljava/lang/Object;)Ljava/lang/Object;+3
j  org.codehaus.groovy.runtime.callsite.AbstractCallSite.call(Ljava/lang/Object;)Ljava/lang/Object;+5
j  org.codehaus.groovy.grails.support.DevelopmentShutdownHook$_setApplicationContext_closure1.doCall(Ljava/lang/Object;)Ljava/lang/Object;+37
j  org.codehaus.groovy.grails.support.DevelopmentShutdownHook$_setApplicationContext_closure1.doCall()Ljava/lang/Object;+6
v  ~StubRoutines::call_stub
J 2366  sun.reflect.NativeMethodAccessorImpl.invoke0(Ljava/lang/reflect/Method;Ljava/lang/Object;[Ljava/lang/Object;)Ljava/lang/Object; (0 bytes) @ 0x000000010ad39977 [0x000000010ad39900+0x77]
J 2367 C2 sun.reflect.NativeMethodAccessorImpl.invoke(Ljava/lang/Object;[Ljava/lang/Object;)Ljava/lang/Object; (91 bytes) @ 0x000000010ad2231c [0x000000010ad222a0+0x7c]
J 353 C2 java.lang.reflect.Method.invoke(Ljava/lang/Object;[Ljava/lang/Object;)Ljava/lang/Object; (63 bytes) @ 0x000000010a6d9c6c [0x000000010a6d9bc0+0xac]
J 1335 C2 org.springsource.loaded.ri.ReflectiveInterceptor.jlrMethodInvoke(Ljava/lang/reflect/Method;Ljava/lang/Object;[Ljava/lang/Object;)Ljava/lang/Object; (2208 bytes) @ 0x000000010a8d68a0 [0x000000010a8d50c0+0x17e0]
J 1827 C2 org.codehaus.groovy.reflection.CachedMethod.invoke(Ljava/lang/Object;[Ljava/lang/Object;)Ljava/lang/Object; (70 bytes) @ 0x000000010a8dfcbc [0x000000010a8dfc80+0x3c]
j  groovy.lang.MetaMethod.doMethodInvoke(Ljava/lang/Object;[Ljava/lang/Object;)Ljava/lang/Object;+9
j  groovy.lang.MetaClassImpl.invokeMethod(Ljava/lang/Class;Ljava/lang/Object;Ljava/lang/String;[Ljava/lang/Object;ZZ)Ljava/lang/Object;+1076
J 1478 C2 groovy.lang.ExpandoMetaClass.invokeMethod(Ljava/lang/Class;Ljava/lang/Object;Ljava/lang/String;[Ljava/lang/Object;ZZ)Ljava/lang/Object; (48 bytes) @ 0x000000010aa2699c [0x000000010aa26940+0x5c]
j  groovy.lang.MetaClassImpl.invokeMethod(Ljava/lang/Object;Ljava/lang/String;[Ljava/lang/Object;)Ljava/lang/Object;+10
j  groovy.lang.Closure.call([Ljava/lang/Object;)Ljava/lang/Object;+8
j  groovy.lang.Closure.call()Ljava/lang/Object;+6
j  groovy.lang.Closure.run()V+1
j  java.lang.Thread.run()V+11
v  ~StubRoutines::call_stub

---------------  P R O C E S S  ---------------

Java Threads: ( => current thread )
=>0x00007fde25b92000 JavaThread "Thread-8" daemon [_thread_in_vm, id=21267, stack(0x00000001144ad000,0x00000001145ad000)]
  0x00007fde25b90000 JavaThread "SIGTERM handler" daemon [_thread_blocked, id=15695, stack(0x0000000113cbe000,0x0000000113dbe000)]
  0x00007fde27bd8800 JavaThread "http-bio-8080-exec-10" daemon [_thread_blocked, id=31235, stack(0x0000000115a56000,0x0000000115b56000)]
  0x00007fde2785c800 JavaThread "http-bio-8080-exec-9" daemon [_thread_blocked, id=30723, stack(0x0000000115ddd000,0x0000000115edd000)]
  0x00007fde278bb800 JavaThread "http-bio-8080-exec-8" daemon [_thread_blocked, id=30211, stack(0x0000000115cda000,0x0000000115dda000)]
  0x00007fde25a61800 JavaThread "http-bio-8080-exec-7" daemon [_thread_blocked, id=29699, stack(0x0000000115bd7000,0x0000000115cd7000)]
  0x00007fde25a61000 JavaThread "http-bio-8080-exec-6" daemon [_thread_blocked, id=29187, stack(0x0000000115749000,0x0000000115849000)]
  0x00007fde25a67800 JavaThread "http-bio-8080-exec-5" daemon [_thread_blocked, id=28675, stack(0x0000000115646000,0x0000000115746000)]
  0x00007fde24c17800 JavaThread "http-bio-8080-exec-4" daemon [_thread_blocked, id=28163, stack(0x0000000113ee9000,0x0000000113fe9000)]
  0x00007fde25a6f800 JavaThread "http-bio-8080-exec-3" daemon [_thread_blocked, id=27651, stack(0x000000011539f000,0x000000011549f000)]
  0x00007fde26965000 JavaThread "DestroyJavaVM" [_thread_blocked, id=4867, stack(0x0000000109047000,0x0000000109147000)]
  0x00007fde2803f000 JavaThread "Thread-9" [_thread_blocked, id=27139, stack(0x000000011529c000,0x000000011539c000)]
  0x00007fde25b8a000 JavaThread "http-bio-8080-exec-2" daemon [_thread_blocked, id=26627, stack(0x0000000115199000,0x0000000115299000)]
  0x00007fde25855000 JavaThread "http-bio-8080-exec-1" daemon [_thread_blocked, id=26115, stack(0x0000000114efa000,0x0000000114ffa000)]
  0x00007fde2806a800 JavaThread "http-bio-8080-AsyncTimeout" daemon [_thread_blocked, id=25603, stack(0x0000000114df7000,0x0000000114ef7000)]
  0x00007fde2806a000 JavaThread "http-bio-8080-Acceptor-0" daemon [_thread_in_native, id=23303, stack(0x0000000114cf4000,0x0000000114df4000)]
  0x00007fde269da800 JavaThread "ContainerBackgroundProcessor[StandardEngine[Tomcat]]" daemon [_thread_blocked, id=22791, stack(0x0000000114bf1000,0x0000000114cf1000)]
  0x00007fde27184000 JavaThread "com.soconcepts.servicedirect.SecRole.data" daemon [_thread_blocked, id=24835, stack(0x0000000114aee000,0x0000000114bee000)]
  0x00007fde2708f000 JavaThread "net.sf.ehcache.CacheManager@ea27393" daemon [_thread_blocked, id=24583, stack(0x00000001149eb000,0x0000000114aeb000)]
  0x00007fde24ff5000 JavaThread "Abandoned connection cleanup thread" daemon [_thread_blocked, id=12299, stack(0x00000001148e8000,0x00000001149e8000)]
  0x00007fde2713b000 JavaThread "PoolCleaner[1577603179:1452360657884]" daemon [_thread_blocked, id=13063, stack(0x0000000114691000,0x0000000114791000)]
  0x00007fde25b8e000 JavaThread "FileSystemWatcher: files=#388 cl=groovy.lang.GroovyClassLoader@5e08506b" daemon [_thread_blocked, id=22275, stack(0x00000001147e5000,0x00000001148e5000)]
  0x00007fde24c14800 JavaThread "Thread-4" daemon [_thread_in_native, id=21763, stack(0x00000001142a7000,0x00000001143a7000)]
  0x00007fde247d2000 JavaThread "Thread-3" [_thread_in_native, id=20227, stack(0x000000011413e000,0x000000011423e000)]
  0x00007fde24c86000 JavaThread "Thread-2" [_thread_blocked, id=19715, stack(0x0000000113bb5000,0x0000000113cb5000)]
  0x00007fde24083800 JavaThread "NonBlockingInputStreamThread" daemon [_thread_blocked, id=19203, stack(0x00000001135f3000,0x00000001136f3000)]
  0x00007fde24856800 JavaThread "Service Thread" daemon [_thread_blocked, id=17667, stack(0x0000000113232000,0x0000000113332000)]
  0x00007fde2481f800 JavaThread "C2 CompilerThread1" daemon [_thread_blocked, id=17155, stack(0x000000011312f000,0x000000011322f000)]
  0x00007fde24133800 JavaThread "C2 CompilerThread0" daemon [_thread_blocked, id=16643, stack(0x000000011302c000,0x000000011312c000)]
  0x00007fde24071000 JavaThread "Signal Dispatcher" daemon [_thread_blocked, id=13335, stack(0x0000000112d71000,0x0000000112e71000)]
  0x00007fde2404f000 JavaThread "Finalizer" daemon [_thread_blocked, id=11523, stack(0x0000000111349000,0x0000000111449000)]
  0x00007fde2400d000 JavaThread "Reference Handler" daemon [_thread_blocked, id=11011, stack(0x0000000111246000,0x0000000111346000)]

Other Threads:
  0x00007fde24815000 VMThread [stack: 0x0000000111143000,0x0000000111243000] [id=10499]
  0x00007fde25001000 WatcherThread [stack: 0x0000000113335000,0x0000000113435000] [id=18179]

VM state:not at safepoint (normal execution)

VM Mutex/Monitor currently owned by a thread: None

Heap
 PSYoungGen      total 32768K, used 6111K [0x00000007f0000000, 0x00000007f2600000, 0x0000000800000000)
  eden space 32256K, 18% used [0x00000007f0000000,0x00000007f05e7ce0,0x00000007f1f80000)
  from space 512K, 12% used [0x00000007f2580000,0x00000007f2590000,0x00000007f2600000)
  to   space 512K, 0% used [0x00000007f2500000,0x00000007f2500000,0x00000007f2580000)
 ParOldGen       total 215552K, used 185722K [0x00000007d0000000, 0x00000007dd280000, 0x00000007f0000000)
  object space 215552K, 86% used [0x00000007d0000000,0x00000007db55ead8,0x00000007dd280000)
 PSPermGen       total 110080K, used 91262K [0x00000007c0000000, 0x00000007c6b80000, 0x00000007d0000000)
  object space 110080K, 82% used [0x00000007c0000000,0x00000007c591f840,0x00000007c6b80000)

Card table byte_map: [0x000000010d523000,0x000000010d724000] byte_map_base: 0x0000000109723000

Polling page: 0x0000000109186000

Code Cache  [0x000000010a463000, 0x000000010ad73000, 0x000000010d463000)
 total_blobs=2783 nmethods=2064 adapters=671 free_code_cache=39970Kb largest_free_block=40834944

Compilation events (10 events):
Event: 60387.182 Thread 0x00007fde2481f800 2419             net.sf.ehcache.store.compound.CompoundStore$HashIterator::<init> (65 bytes)
Event: 60387.409 Thread 0x00007fde2481f800 nmethod 2419 0x000000010ad616d0 code [0x000000010ad61840, 0x000000010ad61aa8]
Event: 60931.378 Thread 0x00007fde24133800 2420   !         sun.net.spi.DefaultProxySelector$2::run (637 bytes)
Event: 60931.888 Thread 0x00007fde24133800 nmethod 2420 0x000000010ad6b150 code [0x000000010ad6b380, 0x000000010ad6bef0]
Event: 64457.647 Thread 0x00007fde2481f800 2421             org.springsource.loaded.TypeRegistry::typeRegistryExistsForId (52 bytes)
Event: 64458.037 Thread 0x00007fde2481f800 nmethod 2421 0x000000010ad6a510 code [0x000000010ad6a6c0, 0x000000010ad6ac38]
Event: 601830.482 Thread 0x00007fde24133800 2422             net.sf.ehcache.store.compound.Segment$HashIterator::<init> (85 bytes)
Event: 601830.540 Thread 0x00007fde24133800 nmethod 2422 0x000000010ad6cf50 code [0x000000010ad6d0a0, 0x000000010ad6d378]
Event: 601950.484 Thread 0x00007fde2481f800 2423             net.sf.ehcache.store.compound.CompoundStore$HashIterator::hasNext (75 bytes)
Event: 601950.490 Thread 0x00007fde2481f800 nmethod 2423 0x000000010ad63b10 code [0x000000010ad63c80, 0x000000010ad63ee8]

GC Heap History (10 events):
Event: 668147.000 GC heap before
{Heap before GC invocations=786 (full 4):
 PSYoungGen      total 32768K, used 32352K [0x00000007f0000000, 0x00000007f2600000, 0x0000000800000000)
  eden space 32256K, 100% used [0x00000007f0000000,0x00000007f1f80000,0x00000007f1f80000)
  from space 512K, 18% used [0x00000007f2500000,0x00000007f2518000,0x00000007f2580000)
  to   space 512K, 0% used [0x00000007f2580000,0x00000007f2580000,0x00000007f2600000)
 ParOldGen       total 215552K, used 185722K [0x00000007d0000000, 0x00000007dd280000, 0x00000007f0000000)
  object space 215552K, 86% used [0x00000007d0000000,0x00000007db55ead8,0x00000007dd280000)
 PSPermGen       total 110080K, used 91242K [0x00000007c0000000, 0x00000007c6b80000, 0x00000007d0000000)
  object space 110080K, 82% used [0x00000007c0000000,0x00000007c591aae0,0x00000007c6b80000)
Event: 668147.006 GC heap after
Heap after GC invocations=786 (full 4):
 PSYoungGen      total 32768K, used 128K [0x00000007f0000000, 0x00000007f2600000, 0x0000000800000000)
  eden space 32256K, 0% used [0x00000007f0000000,0x00000007f0000000,0x00000007f1f80000)
  from space 512K, 25% used [0x00000007f2580000,0x00000007f25a0000,0x00000007f2600000)
  to   space 512K, 0% used [0x00000007f2500000,0x00000007f2500000,0x00000007f2580000)
 ParOldGen       total 215552K, used 185722K [0x00000007d0000000, 0x00000007dd280000, 0x00000007f0000000)
  object space 215552K, 86% used [0x00000007d0000000,0x00000007db55ead8,0x00000007dd280000)
 PSPermGen       total 110080K, used 91242K [0x00000007c0000000, 0x00000007c6b80000, 0x00000007d0000000)
  object space 110080K, 82% used [0x00000007c0000000,0x00000007c591aae0,0x00000007c6b80000)
}
Event: 668261.276 GC heap before
{Heap before GC invocations=787 (full 4):
 PSYoungGen      total 32768K, used 32384K [0x00000007f0000000, 0x00000007f2600000, 0x0000000800000000)
  eden space 32256K, 100% used [0x00000007f0000000,0x00000007f1f80000,0x00000007f1f80000)
  from space 512K, 25% used [0x00000007f2580000,0x00000007f25a0000,0x00000007f2600000)
  to   space 512K, 0% used [0x00000007f2500000,0x00000007f2500000,0x00000007f2580000)
 ParOldGen       total 215552K, used 185722K [0x00000007d0000000, 0x00000007dd280000, 0x00000007f0000000)
  object space 215552K, 86% used [0x00000007d0000000,0x00000007db55ead8,0x00000007dd280000)
 PSPermGen       total 110080K, used 91242K [0x00000007c0000000, 0x00000007c6b80000, 0x00000007d0000000)
  object space 110080K, 82% used [0x00000007c0000000,0x00000007c591aae0,0x00000007c6b80000)
Event: 668261.281 GC heap after
Heap after GC invocations=787 (full 4):
 PSYoungGen      total 32768K, used 128K [0x00000007f0000000, 0x00000007f2600000, 0x0000000800000000)
  eden space 32256K, 0% used [0x00000007f0000000,0x00000007f0000000,0x00000007f1f80000)
  from space 512K, 25% used [0x00000007f2500000,0x00000007f2520000,0x00000007f2580000)
  to   space 512K, 0% used [0x00000007f2580000,0x00000007f2580000,0x00000007f2600000)
 ParOldGen       total 215552K, used 185722K [0x00000007d0000000, 0x00000007dd280000, 0x00000007f0000000)
  object space 215552K, 86% used [0x00000007d0000000,0x00000007db55ead8,0x00000007dd280000)
 PSPermGen       total 110080K, used 91242K [0x00000007c0000000, 0x00000007c6b80000, 0x00000007d0000000)
  object space 110080K, 82% used [0x00000007c0000000,0x00000007c591aae0,0x00000007c6b80000)
}
Event: 668375.536 GC heap before
{Heap before GC invocations=788 (full 4):
 PSYoungGen      total 32768K, used 32384K [0x00000007f0000000, 0x00000007f2600000, 0x0000000800000000)
  eden space 32256K, 100% used [0x00000007f0000000,0x00000007f1f80000,0x00000007f1f80000)
  from space 512K, 25% used [0x00000007f2500000,0x00000007f2520000,0x00000007f2580000)
  to   space 512K, 0% used [0x00000007f2580000,0x00000007f2580000,0x00000007f2600000)
 ParOldGen       total 215552K, used 185722K [0x00000007d0000000, 0x00000007dd280000, 0x00000007f0000000)
  object space 215552K, 86% used [0x00000007d0000000,0x00000007db55ead8,0x00000007dd280000)
 PSPermGen       total 110080K, used 91242K [0x00000007c0000000, 0x00000007c6b80000, 0x00000007d0000000)
  object space 110080K, 82% used [0x00000007c0000000,0x00000007c591aae0,0x00000007c6b80000)
Event: 668375.541 GC heap after
Heap after GC invocations=788 (full 4):
 PSYoungGen      total 32768K, used 128K [0x00000007f0000000, 0x00000007f2600000, 0x0000000800000000)
  eden space 32256K, 0% used [0x00000007f0000000,0x00000007f0000000,0x00000007f1f80000)
  from space 512K, 25% used [0x00000007f2580000,0x00000007f25a0000,0x00000007f2600000)
  to   space 512K, 0% used [0x00000007f2500000,0x00000007f2500000,0x00000007f2580000)
 ParOldGen       total 215552K, used 185722K [0x00000007d0000000, 0x00000007dd280000, 0x00000007f0000000)
  object space 215552K, 86% used [0x00000007d0000000,0x00000007db55ead8,0x00000007dd280000)
 PSPermGen       total 110080K, used 91242K [0x00000007c0000000, 0x00000007c6b80000, 0x00000007d0000000)
  object space 110080K, 82% used [0x00000007c0000000,0x00000007c591aae0,0x00000007c6b80000)
}
Event: 668489.869 GC heap before
{Heap before GC invocations=789 (full 4):
 PSYoungGen      total 32768K, used 32384K [0x00000007f0000000, 0x00000007f2600000, 0x0000000800000000)
  eden space 32256K, 100% used [0x00000007f0000000,0x00000007f1f80000,0x00000007f1f80000)
  from space 512K, 25% used [0x00000007f2580000,0x00000007f25a0000,0x00000007f2600000)
  to   space 512K, 0% used [0x00000007f2500000,0x00000007f2500000,0x00000007f2580000)
 ParOldGen       total 215552K, used 185722K [0x00000007d0000000, 0x00000007dd280000, 0x00000007f0000000)
  object space 215552K, 86% used [0x00000007d0000000,0x00000007db55ead8,0x00000007dd280000)
 PSPermGen       total 110080K, used 91242K [0x00000007c0000000, 0x00000007c6b80000, 0x00000007d0000000)
  object space 110080K, 82% used [0x00000007c0000000,0x00000007c591aae0,0x00000007c6b80000)
Event: 668489.874 GC heap after
Heap after GC invocations=789 (full 4):
 PSYoungGen      total 32768K, used 128K [0x00000007f0000000, 0x00000007f2600000, 0x0000000800000000)
  eden space 32256K, 0% used [0x00000007f0000000,0x00000007f0000000,0x00000007f1f80000)
  from space 512K, 25% used [0x00000007f2500000,0x00000007f2520000,0x00000007f2580000)
  to   space 512K, 0% used [0x00000007f2580000,0x00000007f2580000,0x00000007f2600000)
 ParOldGen       total 215552K, used 185722K [0x00000007d0000000, 0x00000007dd280000, 0x00000007f0000000)
  object space 215552K, 86% used [0x00000007d0000000,0x00000007db55ead8,0x00000007dd280000)
 PSPermGen       total 110080K, used 91242K [0x00000007c0000000, 0x00000007c6b80000, 0x00000007d0000000)
  object space 110080K, 82% used [0x00000007c0000000,0x00000007c591aae0,0x00000007c6b80000)
}
Event: 668604.178 GC heap before
{Heap before GC invocations=790 (full 4):
 PSYoungGen      total 32768K, used 32384K [0x00000007f0000000, 0x00000007f2600000, 0x0000000800000000)
  eden space 32256K, 100% used [0x00000007f0000000,0x00000007f1f80000,0x00000007f1f80000)
  from space 512K, 25% used [0x00000007f2500000,0x00000007f2520000,0x00000007f2580000)
  to   space 512K, 0% used [0x00000007f2580000,0x00000007f2580000,0x00000007f2600000)
 ParOldGen       total 215552K, used 185722K [0x00000007d0000000, 0x00000007dd280000, 0x00000007f0000000)
  object space 215552K, 86% used [0x00000007d0000000,0x00000007db55ead8,0x00000007dd280000)
 PSPermGen       total 110080K, used 91242K [0x00000007c0000000, 0x00000007c6b80000, 0x00000007d0000000)
  object space 110080K, 82% used [0x00000007c0000000,0x00000007c591aae0,0x00000007c6b80000)
Event: 668604.183 GC heap after
Heap after GC invocations=790 (full 4):
 PSYoungGen      total 32768K, used 64K [0x00000007f0000000, 0x00000007f2600000, 0x0000000800000000)
  eden space 32256K, 0% used [0x00000007f0000000,0x00000007f0000000,0x00000007f1f80000)
  from space 512K, 12% used [0x00000007f2580000,0x00000007f2590000,0x00000007f2600000)
  to   space 512K, 0% used [0x00000007f2500000,0x00000007f2500000,0x00000007f2580000)
 ParOldGen       total 215552K, used 185722K [0x00000007d0000000, 0x00000007dd280000, 0x00000007f0000000)
  object space 215552K, 86% used [0x00000007d0000000,0x00000007db55ead8,0x00000007dd280000)
 PSPermGen       total 110080K, used 91242K [0x00000007c0000000, 0x00000007c6b80000, 0x00000007d0000000)
  object space 110080K, 82% used [0x00000007c0000000,0x00000007c591aae0,0x00000007c6b80000)
}

Deoptimization events (10 events):
Event: 7899.485 Thread 0x00007fde2785c800 Uncommon trap: reason=array_check action=maybe_recompile pc=0x000000010acc7058 method=java.util.ComparableTimSort.mergeLo(IIII)V @ 461
Event: 7899.485 Thread 0x00007fde2785c800 Uncommon trap: reason=array_check action=maybe_recompile pc=0x000000010acc7058 method=java.util.ComparableTimSort.mergeLo(IIII)V @ 461
Event: 7978.708 Thread 0x00007fde2803f000 Uncommon trap: reason=null_check action=make_not_entrant pc=0x000000010acd4910 method=org.codehaus.groovy.ast.AnnotationNode.getMember(Ljava/lang/String;)Lorg/codehaus/groovy/ast/expr/Expression; @ 10
Event: 7979.297 Thread 0x00007fde25b8e000 Uncommon trap: reason=null_check action=make_not_entrant pc=0x000000010acf375c method=org.springframework.beans.factory.config.PlaceholderConfigurerSupport.doProcessProperties(Lorg/springframework/beans/factory/config/ConfigurableListableBeanFactory;Lorg/
Event: 7979.308 Thread 0x00007fde25b8e000 Uncommon trap: reason=null_check action=make_not_entrant pc=0x000000010ace9908 method=grails.plugin.springsecurity.InterceptedUrl.<init>(Ljava/lang/String;Ljava/util/Collection;Lorg/springframework/http/HttpMethod;)V @ 134
Event: 8347.239 Thread 0x00007fde2803f000 Uncommon trap: reason=unreached action=reinterpret pc=0x000000010a919454 method=org.codehaus.groovy.ast.expr.ConstantExpression.getText()Ljava/lang/String; @ 4
Event: 8347.245 Thread 0x00007fde2803f000 Uncommon trap: reason=unreached action=reinterpret pc=0x000000010ad37464 method=org.codehaus.groovy.ast.ClassHelper.getWrapper(Lorg/codehaus/groovy/ast/ClassNode;)Lorg/codehaus/groovy/ast/ClassNode; @ 62
Event: 8347.245 Thread 0x00007fde2803f000 Uncommon trap: reason=null_check action=make_not_entrant pc=0x000000010ad02138 method=org.codehaus.groovy.vmplugin.v5.Java5.configureClassNode(Lorg/codehaus/groovy/ast/CompileUnit;Lorg/codehaus/groovy/ast/ClassNode;)V @ 362
Event: 8347.245 Thread 0x00007fde2803f000 Uncommon trap: reason=null_check action=make_not_entrant pc=0x000000010aae229c method=java.lang.Class.initAnnotationsIfNecessary()V @ 29
Event: 668608.118 Thread 0x00007fde25b91800 Uncommon trap: reason=class_check action=maybe_recompile pc=0x000000010a93af10 method=java.util.Arrays.copyOf([Ljava/lang/Object;ILjava/lang/Class;)[Ljava/lang/Object; @ 25

Internal exceptions (10 events):
Event: 668608.803 Thread 0x00007fde25b92000 Threw 0x00000007f05425e8 at /HUDSON/workspace/7u-2-build-macosx-x86_64/jdk7u79/2331/hotspot/src/share/vm/prims/jvm.cpp:1304
Event: 668608.803 Thread 0x00007fde25b92000 Threw 0x00000007f05464a0 at /HUDSON/workspace/7u-2-build-macosx-x86_64/jdk7u79/2331/hotspot/src/share/vm/prims/jvm.cpp:1304
Event: 668608.803 Thread 0x00007fde25b92000 Threw 0x00000007f05582c8 at /HUDSON/workspace/7u-2-build-macosx-x86_64/jdk7u79/2331/hotspot/src/share/vm/prims/jvm.cpp:1304
Event: 668608.804 Thread 0x00007fde25b92000 Threw 0x00000007f05716e8 at /HUDSON/workspace/7u-2-build-macosx-x86_64/jdk7u79/2331/hotspot/src/share/vm/prims/jvm.cpp:1304
Event: 668608.804 Thread 0x00007fde25b92000 Threw 0x00000007f0575590 at /HUDSON/workspace/7u-2-build-macosx-x86_64/jdk7u79/2331/hotspot/src/share/vm/prims/jvm.cpp:1304
Event: 668608.804 Thread 0x00007fde25b92000 Threw 0x00000007f05874a8 at /HUDSON/workspace/7u-2-build-macosx-x86_64/jdk7u79/2331/hotspot/src/share/vm/prims/jvm.cpp:1304
Event: 668608.804 Thread 0x00007fde25b92000 Threw 0x00000007f05b05c0 at /HUDSON/workspace/7u-2-build-macosx-x86_64/jdk7u79/2331/hotspot/src/share/vm/prims/jvm.cpp:1304
Event: 668608.804 Thread 0x00007fde25b92000 Threw 0x00000007f05b0ce0 at /HUDSON/workspace/7u-2-build-macosx-x86_64/jdk7u79/2331/hotspot/src/share/vm/classfile/systemDictionary.cpp:185
Event: 668608.953 Thread 0x00007fde25b92000 Threw 0x00000007f05c2758 at /HUDSON/workspace/7u-2-build-macosx-x86_64/jdk7u79/2331/hotspot/src/share/vm/prims/jvm.cpp:1304
Event: 668608.953 Thread 0x00007fde25b92000 Threw 0x00000007f05c7b68 at /HUDSON/workspace/7u-2-build-macosx-x86_64/jdk7u79/2331/hotspot/src/share/vm/prims/jvm.cpp:1304

Events (10 events):
Event: 668608.794 loading class 0x00007fde28854940
Event: 668608.794 loading class 0x00007fde28854940 done
Event: 668608.803 loading class 0x00007fde28854990
Event: 668608.803 loading class 0x00007fde28854990 done
Event: 668608.804 loading class 0x00007fde28854990
Event: 668608.804 loading class 0x00007fde28854990 done
Event: 668608.804 loading class 0x00007fde28854990
Event: 668608.804 loading class 0x00007fde28854990 done
Event: 668608.953 loading class 0x00007fde26195c50
Event: 668608.953 loading class 0x00007fde26195c50 done


Dynamic libraries:
0x000000000b393000 	/System/Library/Frameworks/Cocoa.framework/Versions/A/Cocoa
0x000000000b393000 	/System/Library/Frameworks/Security.framework/Versions/A/Security
0x000000000b393000 	/System/Library/Frameworks/ApplicationServices.framework/Versions/A/ApplicationServices
0x000000000b393000 	/usr/lib/libz.1.dylib
0x000000000b393000 	/usr/lib/libSystem.B.dylib
0x000000000b393000 	/usr/lib/libobjc.A.dylib
0x000000000b393000 	/System/Library/Frameworks/CoreFoundation.framework/Versions/A/CoreFoundation
0x000000000b393000 	/System/Library/Frameworks/Foundation.framework/Versions/C/Foundation
0x000000000b393000 	/System/Library/Frameworks/AppKit.framework/Versions/C/AppKit
0x000000000b393000 	/System/Library/Frameworks/CoreData.framework/Versions/A/CoreData
0x000000000b393000 	/System/Library/PrivateFrameworks/RemoteViewServices.framework/Versions/A/RemoteViewServices
0x000000000b393000 	/System/Library/PrivateFrameworks/UIFoundation.framework/Versions/A/UIFoundation
0x000000000b393000 	/System/Library/Frameworks/IOSurface.framework/Versions/A/IOSurface
0x000000000b393000 	/System/Library/Frameworks/AudioToolbox.framework/Versions/A/AudioToolbox
0x000000000b393000 	/System/Library/Frameworks/AudioUnit.framework/Versions/A/AudioUnit
0x000000000b393000 	/System/Library/PrivateFrameworks/DataDetectorsCore.framework/Versions/A/DataDetectorsCore
0x000000000b393000 	/System/Library/PrivateFrameworks/DesktopServicesPriv.framework/Versions/A/DesktopServicesPriv
0x000000000b393000 	/System/Library/Frameworks/Carbon.framework/Versions/A/Frameworks/HIToolbox.framework/Versions/A/HIToolbox
0x000000000b393000 	/System/Library/Frameworks/QuartzCore.framework/Versions/A/QuartzCore
0x000000000b393000 	/System/Library/Frameworks/Carbon.framework/Versions/A/Frameworks/SpeechRecognition.framework/Versions/A/SpeechRecognition
0x000000000b393000 	/usr/lib/libauto.dylib
0x000000000b393000 	/usr/lib/libicucore.A.dylib
0x000000000b393000 	/usr/lib/libxml2.2.dylib
0x000000000b393000 	/System/Library/PrivateFrameworks/CoreUI.framework/Versions/A/CoreUI
0x000000000b393000 	/System/Library/Frameworks/CoreAudio.framework/Versions/A/CoreAudio
0x000000000b393000 	/System/Library/Frameworks/DiskArbitration.framework/Versions/A/DiskArbitration
0x000000000b393000 	/usr/lib/liblangid.dylib
0x000000000b393000 	/System/Library/PrivateFrameworks/MultitouchSupport.framework/Versions/A/MultitouchSupport
0x000000000b393000 	/System/Library/Frameworks/IOKit.framework/Versions/A/IOKit
0x000000000b393000 	/usr/lib/libDiagnosticMessagesClient.dylib
0x000000000b393000 	/System/Library/Frameworks/CoreServices.framework/Versions/A/CoreServices
0x000000000b393000 	/System/Library/PrivateFrameworks/PerformanceAnalysis.framework/Versions/A/PerformanceAnalysis
0x000000000b393000 	/System/Library/PrivateFrameworks/GenerationalStorage.framework/Versions/A/GenerationalStorage
0x000000000b393000 	/System/Library/Frameworks/OpenGL.framework/Versions/A/OpenGL
0x000000000b393000 	/System/Library/PrivateFrameworks/Sharing.framework/Versions/A/Sharing
0x000000000b393000 	/System/Library/Frameworks/CoreGraphics.framework/Versions/A/CoreGraphics
0x000000000b393000 	/System/Library/Frameworks/CoreText.framework/Versions/A/CoreText
0x000000000b393000 	/System/Library/Frameworks/ImageIO.framework/Versions/A/ImageIO
0x000000000b393000 	/usr/lib/libextension.dylib
0x000000000b393000 	/System/Library/PrivateFrameworks/Backup.framework/Versions/A/Backup
0x000000000b393000 	/usr/lib/libarchive.2.dylib
0x000000000b393000 	/System/Library/Frameworks/CFNetwork.framework/Versions/A/CFNetwork
0x000000000b393000 	/System/Library/Frameworks/SystemConfiguration.framework/Versions/A/SystemConfiguration
0x000000000b393000 	/usr/lib/libCRFSuite.dylib
0x000000000b393000 	/usr/lib/libc++.1.dylib
0x000000000b393000 	/usr/lib/libc++abi.dylib
0x000000000b393000 	/usr/lib/system/libcache.dylib
0x000000000b393000 	/usr/lib/system/libcommonCrypto.dylib
0x000000000b393000 	/usr/lib/system/libcompiler_rt.dylib
0x000000000b393000 	/usr/lib/system/libcopyfile.dylib
0x000000000b393000 	/usr/lib/system/libcorecrypto.dylib
0x000000000b393000 	/usr/lib/system/libdispatch.dylib
0x000000000b393000 	/usr/lib/system/libdyld.dylib
0x000000000b393000 	/usr/lib/system/libkeymgr.dylib
0x000000000b393000 	/usr/lib/system/liblaunch.dylib
0x000000000b393000 	/usr/lib/system/libmacho.dylib
0x000000000b393000 	/usr/lib/system/libquarantine.dylib
0x000000000b393000 	/usr/lib/system/libremovefile.dylib
0x000000000b393000 	/usr/lib/system/libsystem_asl.dylib
0x000000000b393000 	/usr/lib/system/libsystem_blocks.dylib
0x000000000b393000 	/usr/lib/system/libsystem_c.dylib
0x000000000b393000 	/usr/lib/system/libsystem_configuration.dylib
0x000000000b393000 	/usr/lib/system/libsystem_coreservices.dylib
0x000000000b393000 	/usr/lib/system/libsystem_coretls.dylib
0x000000000b393000 	/usr/lib/system/libsystem_dnssd.dylib
0x000000000b393000 	/usr/lib/system/libsystem_info.dylib
0x000000000b393000 	/usr/lib/system/libsystem_kernel.dylib
0x000000000b393000 	/usr/lib/system/libsystem_m.dylib
0x000000000b393000 	/usr/lib/system/libsystem_malloc.dylib
0x000000000b393000 	/usr/lib/system/libsystem_network.dylib
0x000000000b393000 	/usr/lib/system/libsystem_networkextension.dylib
0x000000000b393000 	/usr/lib/system/libsystem_notify.dylib
0x000000000b393000 	/usr/lib/system/libsystem_platform.dylib
0x000000000b393000 	/usr/lib/system/libsystem_pthread.dylib
0x000000000b393000 	/usr/lib/system/libsystem_sandbox.dylib
0x000000000b393000 	/usr/lib/system/libsystem_secinit.dylib
0x000000000b393000 	/usr/lib/system/libsystem_stats.dylib
0x000000000b393000 	/usr/lib/system/libsystem_trace.dylib
0x000000000b393000 	/usr/lib/system/libunc.dylib
0x000000000b393000 	/usr/lib/system/libunwind.dylib
0x000000000b393000 	/usr/lib/system/libxpc.dylib
0x000000000b393000 	/usr/lib/libbz2.1.0.dylib
0x000000000b393000 	/usr/lib/liblzma.5.dylib
0x000000000b393000 	/usr/lib/libbsm.0.dylib
0x000000000b393000 	/usr/lib/libsqlite3.dylib
0x000000000b393000 	/usr/lib/system/libkxld.dylib
0x000000000b393000 	/usr/lib/libxar.1.dylib
0x000000000b393000 	/usr/lib/libpam.2.dylib
0x000000000b393000 	/usr/lib/libOpenScriptingUtil.dylib
0x000000000b393000 	/System/Library/Frameworks/CoreServices.framework/Versions/A/Frameworks/FSEvents.framework/Versions/A/FSEvents
0x000000000b393000 	/System/Library/Frameworks/CoreServices.framework/Versions/A/Frameworks/CarbonCore.framework/Versions/A/CarbonCore
0x000000000b393000 	/System/Library/Frameworks/CoreServices.framework/Versions/A/Frameworks/Metadata.framework/Versions/A/Metadata
0x000000000b393000 	/System/Library/Frameworks/CoreServices.framework/Versions/A/Frameworks/OSServices.framework/Versions/A/OSServices
0x000000000b393000 	/System/Library/Frameworks/CoreServices.framework/Versions/A/Frameworks/SearchKit.framework/Versions/A/SearchKit
0x000000000b393000 	/System/Library/Frameworks/CoreServices.framework/Versions/A/Frameworks/AE.framework/Versions/A/AE
0x000000000b393000 	/System/Library/Frameworks/CoreServices.framework/Versions/A/Frameworks/LaunchServices.framework/Versions/A/LaunchServices
0x000000000b393000 	/System/Library/Frameworks/CoreServices.framework/Versions/A/Frameworks/DictionaryServices.framework/Versions/A/DictionaryServices
0x000000000b393000 	/System/Library/Frameworks/NetFS.framework/Versions/A/NetFS
0x000000000b393000 	/System/Library/PrivateFrameworks/NetAuth.framework/Versions/A/NetAuth
0x000000000b393000 	/System/Library/PrivateFrameworks/login.framework/Versions/A/Frameworks/loginsupport.framework/Versions/A/loginsupport
0x000000000b393000 	/System/Library/PrivateFrameworks/TCC.framework/Versions/A/TCC
0x000000000b393000 	/usr/lib/libmecabra.dylib
0x000000000b393000 	/System/Library/Frameworks/ApplicationServices.framework/Versions/A/Frameworks/ATS.framework/Versions/A/ATS
0x000000000b393000 	/System/Library/Frameworks/ApplicationServices.framework/Versions/A/Frameworks/ColorSync.framework/Versions/A/ColorSync
0x000000000b393000 	/System/Library/Frameworks/ApplicationServices.framework/Versions/A/Frameworks/HIServices.framework/Versions/A/HIServices
0x000000000b393000 	/System/Library/Frameworks/ApplicationServices.framework/Versions/A/Frameworks/LangAnalysis.framework/Versions/A/LangAnalysis
0x000000000b393000 	/System/Library/Frameworks/ApplicationServices.framework/Versions/A/Frameworks/PrintCore.framework/Versions/A/PrintCore
0x000000000b393000 	/System/Library/Frameworks/ApplicationServices.framework/Versions/A/Frameworks/QD.framework/Versions/A/QD
0x000000000b393000 	/System/Library/Frameworks/ApplicationServices.framework/Versions/A/Frameworks/SpeechSynthesis.framework/Versions/A/SpeechSynthesis
0x000000000b393000 	/System/Library/Frameworks/Accelerate.framework/Versions/A/Accelerate
0x000000000b393000 	/System/Library/Frameworks/Accelerate.framework/Versions/A/Frameworks/vImage.framework/Versions/A/vImage
0x000000000b393000 	/System/Library/Frameworks/Accelerate.framework/Versions/A/Frameworks/vecLib.framework/Versions/A/vecLib
0x000000000b393000 	/System/Library/Frameworks/Accelerate.framework/Versions/A/Frameworks/vecLib.framework/Versions/A/libvDSP.dylib
0x000000000b393000 	/System/Library/Frameworks/Accelerate.framework/Versions/A/Frameworks/vecLib.framework/Versions/A/libvMisc.dylib
0x000000000b393000 	/System/Library/Frameworks/Accelerate.framework/Versions/A/Frameworks/vecLib.framework/Versions/A/libLAPACK.dylib
0x000000000b393000 	/System/Library/Frameworks/Accelerate.framework/Versions/A/Frameworks/vecLib.framework/Versions/A/libBLAS.dylib
0x000000000b393000 	/System/Library/Frameworks/Accelerate.framework/Versions/A/Frameworks/vecLib.framework/Versions/A/libLinearAlgebra.dylib
0x000000000b393000 	/System/Library/Frameworks/ApplicationServices.framework/Versions/A/Frameworks/ATS.framework/Versions/A/Resources/libFontParser.dylib
0x000000000b393000 	/System/Library/Frameworks/ApplicationServices.framework/Versions/A/Frameworks/ATS.framework/Versions/A/Resources/libFontRegistry.dylib
0x000000000b393000 	/System/Library/PrivateFrameworks/AppleVPA.framework/Versions/A/AppleVPA
0x000000000b393000 	/System/Library/PrivateFrameworks/AppleJPEG.framework/Versions/A/AppleJPEG
0x000000000b393000 	/System/Library/Frameworks/ImageIO.framework/Versions/A/Resources/libJPEG.dylib
0x000000000b393000 	/System/Library/Frameworks/ImageIO.framework/Versions/A/Resources/libTIFF.dylib
0x000000000b393000 	/System/Library/Frameworks/ImageIO.framework/Versions/A/Resources/libPng.dylib
0x000000000b393000 	/System/Library/Frameworks/ImageIO.framework/Versions/A/Resources/libGIF.dylib
0x000000000b393000 	/System/Library/Frameworks/ImageIO.framework/Versions/A/Resources/libJP2.dylib
0x000000000b393000 	/System/Library/Frameworks/ImageIO.framework/Versions/A/Resources/libRadiance.dylib
0x000000000b393000 	/System/Library/Frameworks/CoreVideo.framework/Versions/A/CoreVideo
0x000000000b393000 	/System/Library/Frameworks/OpenGL.framework/Versions/A/Libraries/libGLU.dylib
0x000000000b393000 	/System/Library/Frameworks/OpenGL.framework/Versions/A/Libraries/libGFXShared.dylib
0x000000000b393000 	/System/Library/Frameworks/OpenGL.framework/Versions/A/Libraries/libGL.dylib
0x000000000b393000 	/System/Library/Frameworks/OpenGL.framework/Versions/A/Libraries/libGLImage.dylib
0x000000000b393000 	/System/Library/Frameworks/OpenGL.framework/Versions/A/Libraries/libCVMSPluginSupport.dylib
0x000000000b393000 	/System/Library/Frameworks/OpenGL.framework/Versions/A/Libraries/libCoreVMClient.dylib
0x000000000b393000 	/usr/lib/libcups.2.dylib
0x000000000b393000 	/System/Library/Frameworks/Kerberos.framework/Versions/A/Kerberos
0x000000000b393000 	/System/Library/Frameworks/GSS.framework/Versions/A/GSS
0x000000000b393000 	/usr/lib/libresolv.9.dylib
0x000000000b393000 	/usr/lib/libiconv.2.dylib
0x000000000b393000 	/System/Library/PrivateFrameworks/Heimdal.framework/Versions/A/Heimdal
0x000000000b393000 	/usr/lib/libheimdal-asn1.dylib
0x000000000b393000 	/System/Library/Frameworks/OpenDirectory.framework/Versions/A/OpenDirectory
0x000000000b393000 	/System/Library/PrivateFrameworks/CommonAuth.framework/Versions/A/CommonAuth
0x000000000b393000 	/System/Library/Frameworks/OpenDirectory.framework/Versions/A/Frameworks/CFOpenDirectory.framework/Versions/A/CFOpenDirectory
0x000000000b393000 	/System/Library/Frameworks/SecurityFoundation.framework/Versions/A/SecurityFoundation
0x000000000b393000 	/System/Library/PrivateFrameworks/LanguageModeling.framework/Versions/A/LanguageModeling
0x000000000b393000 	/usr/lib/libcmph.dylib
0x000000000b393000 	/System/Library/Frameworks/ServiceManagement.framework/Versions/A/ServiceManagement
0x000000000b393000 	/usr/lib/libxslt.1.dylib
0x000000000b393000 	/System/Library/Frameworks/Carbon.framework/Versions/A/Frameworks/Ink.framework/Versions/A/Ink
0x000000000b393000 	/System/Library/Frameworks/QuartzCore.framework/Versions/A/Frameworks/CoreImage.framework/Versions/A/CoreImage
0x000000000b393000 	/System/Library/PrivateFrameworks/CrashReporterSupport.framework/Versions/A/CrashReporterSupport
0x000000000b393000 	/System/Library/Frameworks/OpenCL.framework/Versions/A/OpenCL
0x000000000b393000 	/System/Library/PrivateFrameworks/FaceCore.framework/Versions/A/FaceCore
0x000000000b393000 	/System/Library/PrivateFrameworks/Ubiquity.framework/Versions/A/Ubiquity
0x000000000b393000 	/System/Library/PrivateFrameworks/IconServices.framework/Versions/A/IconServices
0x000000000b393000 	/System/Library/PrivateFrameworks/ChunkingLibrary.framework/Versions/A/ChunkingLibrary
0x000000000b393000 	/System/Library/PrivateFrameworks/Apple80211.framework/Versions/A/Apple80211
0x000000000b393000 	/System/Library/Frameworks/CoreWLAN.framework/Versions/A/CoreWLAN
0x000000000b393000 	/System/Library/Frameworks/IOBluetooth.framework/Versions/A/IOBluetooth
0x000000000b393000 	/System/Library/PrivateFrameworks/CoreWiFi.framework/Versions/A/CoreWiFi
0x000000000b393000 	/System/Library/Frameworks/CoreBluetooth.framework/Versions/A/CoreBluetooth
0x000000000b393000 	/System/Library/PrivateFrameworks/DebugSymbols.framework/Versions/A/DebugSymbols
0x000000000b393000 	/System/Library/PrivateFrameworks/CoreSymbolication.framework/Versions/A/CoreSymbolication
0x000000000b393000 	/System/Library/PrivateFrameworks/Symbolication.framework/Versions/A/Symbolication
0x000000000b393000 	/System/Library/PrivateFrameworks/SpeechRecognitionCore.framework/Versions/A/SpeechRecognitionCore
0x0000000109a00000 	/Library/Java/JavaVirtualMachines/jdk1.7.0_79.jdk/Contents/Home/jre/lib/server/libjvm.dylib
0x000000000b393000 	/usr/lib/libstdc++.6.dylib
0x0000000109149000 	/Library/Java/JavaVirtualMachines/jdk1.7.0_79.jdk/Contents/Home/jre/lib/libverify.dylib
0x0000000109156000 	/Library/Java/JavaVirtualMachines/jdk1.7.0_79.jdk/Contents/Home/jre/lib/libjava.dylib
0x0000000109187000 	/Library/Java/JavaVirtualMachines/jdk1.7.0_79.jdk/Contents/Home/jre/lib/libinstrument.dylib
0x00000001091e2000 	/Library/Java/JavaVirtualMachines/jdk1.7.0_79.jdk/Contents/Home/jre/lib/libzip.dylib
0x000000011144b000 	/System/Library/Frameworks/JavaVM.framework/Frameworks/JavaRuntimeSupport.framework/JavaRuntimeSupport
0x0000000111466000 	/System/Library/Frameworks/JavaVM.framework/Versions/A/Frameworks/JavaNativeFoundation.framework/Versions/A/JavaNativeFoundation
0x000000011147b000 	/System/Library/Frameworks/JavaVM.framework/Versions/A/JavaVM
0x000000000b393000 	/System/Library/Frameworks/Carbon.framework/Versions/A/Carbon
0x0000000111488000 	/System/Library/PrivateFrameworks/JavaLaunching.framework/Versions/A/JavaLaunching
0x000000000b393000 	/System/Library/Frameworks/Carbon.framework/Versions/A/Frameworks/CommonPanels.framework/Versions/A/CommonPanels
0x000000000b393000 	/System/Library/Frameworks/Carbon.framework/Versions/A/Frameworks/Help.framework/Versions/A/Help
0x000000000b393000 	/System/Library/Frameworks/Carbon.framework/Versions/A/Frameworks/ImageCapture.framework/Versions/A/ImageCapture
0x000000000b393000 	/System/Library/Frameworks/Carbon.framework/Versions/A/Frameworks/OpenScripting.framework/Versions/A/OpenScripting
0x000000000b393000 	/System/Library/Frameworks/Carbon.framework/Versions/A/Frameworks/Print.framework/Versions/A/Print
0x000000000b393000 	/System/Library/Frameworks/Carbon.framework/Versions/A/Frameworks/SecurityHI.framework/Versions/A/SecurityHI
0x00000001135ef000 	/private/var/folders/v7/jnzdx0t963149xqsr8m9702w0000gn/T/libjansi-64-5472493225039742964.jnilib
0x0000000113458000 	/Library/Java/JavaVirtualMachines/jdk1.7.0_79.jdk/Contents/Home/jre/lib/libnet.dylib
0x00000001134e0000 	/Library/Java/JavaVirtualMachines/jdk1.7.0_79.jdk/Contents/Home/jre/lib/libnio.dylib
0x0000000113ee0000 	/Library/Java/JavaVirtualMachines/jdk1.7.0_79.jdk/Contents/Home/jre/lib/libmanagement.dylib

VM Arguments:
jvm_args: -Dfile.encoding=UTF-8 -Xmx768M -Xms64M -XX:MaxPermSize=256m -Dgrails.fork.parent.process.port=55379 -Dgrails.fork.active=true -Dgrails.build.execution.context=/private/var/folders/v7/jnzdx0t963149xqsr8m9702w0000gn/T/servicedirectg8395659785756524771grails-execution-context -Dgrails.home=/Users/mac/Documents/grails-2.3.11 -javaagent:/Users/mac/Documents/grails-2.3.11/lib/org.springframework/springloaded/jars/springloaded-1.2.0.RELEASE.jar -Xverify:none -Dspringloaded.synchronize=true -Djdk.reflect.allowGetCallerClass=true -Dspringloaded=profile=grails;cacheDir=/Users/mac/.grails/2.3.11 
java_command: org.grails.plugins.tomcat.fork.ForkedTomcatServer
Launcher Type: SUN_STANDARD

Environment Variables:
JAVA_HOME=/Library/Java/JavaVirtualMachines/jdk1.7.0_79.jdk/Contents/Home
PATH=/usr/bin:/bin:/usr/sbin:/sbin
LD_LIBRARY_PATH=/Library/Java/JavaVirtualMachines/jdk1.8.0_66.jdk/Contents/Home/jre/lib/amd64:/Library/Java/JavaVirtualMachines/jdk1.8.0_66.jdk/Contents/Home/jre/lib/i386:
SHELL=/bin/bash
DYLD_LIBRARY_PATH=/Applications/NetBeans/NetBeans 8.1.app/Contents/Resources/NetBeans/webcommon/bin:

Signal Handlers:
SIGSEGV: [libjvm.dylib+0x52daf1], sa_mask[0]=0xfffefeff, sa_flags=0x00000043
SIGBUS: [libjvm.dylib+0x52daf1], sa_mask[0]=0xfffefeff, sa_flags=0x00000042
SIGFPE: [libjvm.dylib+0x41f34e], sa_mask[0]=0xfffefeff, sa_flags=0x00000042
SIGPIPE: [libjvm.dylib+0x41f34e], sa_mask[0]=0xfffefeff, sa_flags=0x00000042
SIGXFSZ: [libjvm.dylib+0x41f34e], sa_mask[0]=0xfffefeff, sa_flags=0x00000042
SIGILL: [libjvm.dylib+0x41f34e], sa_mask[0]=0xfffefeff, sa_flags=0x00000042
SIGUSR1: SIG_DFL, sa_mask[0]=0x63807efb, sa_flags=0x00000000
SIGUSR2: [libjvm.dylib+0x41ee40], sa_mask[0]=0x00000004, sa_flags=0x00000042
SIGHUP: [libjvm.dylib+0x41d0d1], sa_mask[0]=0xfffefeff, sa_flags=0x00000042
SIGINT: SIG_IGN, sa_mask[0]=0x00000000, sa_flags=0x00000000
SIGTERM: [libjvm.dylib+0x41d0d1], sa_mask[0]=0xfffefeff, sa_flags=0x00000042
SIGQUIT: [libjvm.dylib+0x41d0d1], sa_mask[0]=0xfffefeff, sa_flags=0x00000042


---------------  S Y S T E M  ---------------

OS:Bsduname:Darwin 14.3.0 Darwin Kernel Version 14.3.0: Mon Mar 23 11:59:05 PDT 2015; root:xnu-2782.20.48~5/RELEASE_X86_64 x86_64
rlimit: STACK 8192k, CORE 0k, NPROC 709, NOFILE 10240, AS infinity
load average:4.02 3.89 3.75

CPU:total 4 (2 cores per cpu, 2 threads per core) family 6 model 58 stepping 9, cmov, cx8, fxsr, mmx, sse, sse2, sse3, ssse3, sse4.1, sse4.2, popcnt, avx, aes, erms, ht, tsc, tscinvbit, tscinv

Memory: 4k page, physical 8388608k(2097152k free)

/proc/meminfo:


vm_info: Java HotSpot(TM) 64-Bit Server VM (24.79-b02) for bsd-amd64 JRE (1.7.0_79-b15), built on Apr 10 2015 11:35:04 by "java_re" with gcc 4.2.1 (Based on Apple Inc. build 5658) (LLVM build 2336.11.00)

time: Sun Jan 17 14:14:12 2016
elapsed time: 668609 seconds

